Build started 2013/1/4 23:55:50.
     1>Project "E:\source\ARPathPlaner\ar\ar.vcxproj" on node 2 (Build target(s)).
     1>InitializeBuildStatus:
         Creating "x64\Debug\ar.unsuccessfulbuild" because "AlwaysCreate" was specified.
       ClCompile:
         C:\Program Files (x86)\Microsoft Visual Studio 11.0\VC\bin\x86_amd64\CL.exe /c /Zi /nologo /W3 /WX- /Od /D WIN32 /D _DEBUG /D _CONSOLE /D _UNICODE /D UNICODE /Gm /EHsc /RTC1 /MDd /GS /fp:precise /Zc:wchar_t /Zc:forScope /Fo"x64\Debug\\" /Fd"x64\Debug\vc110.pdb" /Gd /TP /errorReport:prompt ..\src\ar\utils\aruco_test.cpp
         aruco_test.cpp
     1>e:\source\arpathplaner\src\ar\cameraparameters.h(58): warning C4290: C++ exception specification ignored except to indicate a function is not __declspec(nothrow)
     1>e:\source\arpathplaner\src\ar\cameraparameters.h(64): warning C4290: C++ exception specification ignored except to indicate a function is not __declspec(nothrow)
     1>e:\source\arpathplaner\src\ar\cameraparameters.h(79): warning C4290: C++ exception specification ignored except to indicate a function is not __declspec(nothrow)
     1>e:\source\arpathplaner\src\ar\cameraparameters.h(82): warning C4290: C++ exception specification ignored except to indicate a function is not __declspec(nothrow)
     1>e:\source\arpathplaner\src\ar\cameraparameters.h(86): warning C4290: C++ exception specification ignored except to indicate a function is not __declspec(nothrow)
     1>e:\source\arpathplaner\src\ar\cameraparameters.h(90): warning C4290: C++ exception specification ignored except to indicate a function is not __declspec(nothrow)
     1>e:\source\arpathplaner\src\ar\cameraparameters.h(107): warning C4290: C++ exception specification ignored except to indicate a function is not __declspec(nothrow)
     1>e:\source\arpathplaner\src\ar\cameraparameters.h(119): warning C4290: C++ exception specification ignored except to indicate a function is not __declspec(nothrow)
     1>e:\source\arpathplaner\src\ar\cameraparameters.h(125): warning C4290: C++ exception specification ignored except to indicate a function is not __declspec(nothrow)
     1>e:\source\arpathplaner\src\ar\cameraparameters.h(126): warning C4290: C++ exception specification ignored except to indicate a function is not __declspec(nothrow)
     1>e:\source\arpathplaner\src\ar\marker.h(76): warning C4290: C++ exception specification ignored except to indicate a function is not __declspec(nothrow)
     1>e:\source\arpathplaner\src\ar\marker.h(83): warning C4290: C++ exception specification ignored except to indicate a function is not __declspec(nothrow)
     1>e:\source\arpathplaner\src\ar\marker.h(88): warning C4290: C++ exception specification ignored except to indicate a function is not __declspec(nothrow)
     1>e:\source\arpathplaner\src\ar\marker.h(100): warning C4290: C++ exception specification ignored except to indicate a function is not __declspec(nothrow)
     1>e:\source\arpathplaner\src\ar\markerdetector.h(86): warning C4290: C++ exception specification ignored except to indicate a function is not __declspec(nothrow)
     1>e:\source\arpathplaner\src\ar\markerdetector.h(97): warning C4290: C++ exception specification ignored except to indicate a function is not __declspec(nothrow)
     1>e:\source\arpathplaner\src\ar\markerdetector.h(163): warning C4290: C++ exception specification ignored except to indicate a function is not __declspec(nothrow)
     1>e:\source\arpathplaner\src\ar\markerdetector.h(226): warning C4290: C++ exception specification ignored except to indicate a function is not __declspec(nothrow)
     1>e:\source\arpathplaner\src\ar\markerdetector.h(246): warning C4290: C++ exception specification ignored except to indicate a function is not __declspec(nothrow)
     1>e:\source\arpathplaner\src\ar\markerdetector.h(269): warning C4290: C++ exception specification ignored except to indicate a function is not __declspec(nothrow)
     1>e:\source\arpathplaner\src\ar\markerdetector.h(274): warning C4290: C++ exception specification ignored except to indicate a function is not __declspec(nothrow)
     1>e:\source\arpathplaner\src\ar\board.h(89): warning C4290: C++ exception specification ignored except to indicate a function is not __declspec(nothrow)
     1>e:\source\arpathplaner\src\ar\board.h(92): warning C4290: C++ exception specification ignored except to indicate a function is not __declspec(nothrow)
     1>e:\source\arpathplaner\src\ar\board.h(108): warning C4290: C++ exception specification ignored except to indicate a function is not __declspec(nothrow)
     1>e:\source\arpathplaner\src\ar\board.h(115): warning C4290: C++ exception specification ignored except to indicate a function is not __declspec(nothrow)
     1>e:\source\arpathplaner\src\ar\board.h(118): warning C4290: C++ exception specification ignored except to indicate a function is not __declspec(nothrow)
     1>e:\source\arpathplaner\src\ar\board.h(143): warning C4290: C++ exception specification ignored except to indicate a function is not __declspec(nothrow)
     1>e:\source\arpathplaner\src\ar\board.h(155): warning C4290: C++ exception specification ignored except to indicate a function is not __declspec(nothrow)
     1>e:\source\arpathplaner\src\ar\board.h(160): warning C4290: C++ exception specification ignored except to indicate a function is not __declspec(nothrow)
     1>e:\source\arpathplaner\src\ar\board.h(163): warning C4290: C++ exception specification ignored except to indicate a function is not __declspec(nothrow)
     1>e:\source\arpathplaner\src\ar\boarddetector.h(83): warning C4290: C++ exception specification ignored except to indicate a function is not __declspec(nothrow)
     1>e:\source\arpathplaner\src\ar\boarddetector.h(108): warning C4290: C++ exception specification ignored except to indicate a function is not __declspec(nothrow)
     1>e:\source\arpathplaner\src\ar\boarddetector.h(109): warning C4290: C++ exception specification ignored except to indicate a function is not __declspec(nothrow)
     1>..\src\ar\utils\aruco_test.cpp(70): warning C4244: '=' : conversion from 'double' to 'float', possible loss of data
     1>..\src\ar\utils\aruco_test.cpp(123): warning C4244: '=' : conversion from 'double' to 'int', possible loss of data
     1>..\src\ar\utils\aruco_test.cpp(124): warning C4244: '=' : conversion from 'double' to 'int', possible loss of data
       Link:
         C:\Program Files (x86)\Microsoft Visual Studio 11.0\VC\bin\x86_amd64\link.exe /ERRORREPORT:PROMPT /OUT:"E:\source\ARPathPlaner\x64\Debug\ar.exe" /INCREMENTAL /NOLOGO opencv_core243d.lib opencv_highgui243d.lib opencv_imgproc243d.lib opencv_calib3d243d.lib kernel32.lib user32.lib gdi32.lib winspool.lib comdlg32.lib advapi32.lib shell32.lib ole32.lib oleaut32.lib uuid.lib odbc32.lib odbccp32.lib /MANIFEST /MANIFESTUAC:"level='asInvoker' uiAccess='false'" /manifest:embed /DEBUG /PDB:"E:\source\ARPathPlaner\x64\Debug\ar.pdb" /SUBSYSTEM:CONSOLE /TLBID:1 /DYNAMICBASE /NXCOMPAT /IMPLIB:"E:\source\ARPathPlaner\x64\Debug\ar.lib" /MACHINE:X64 x64\Debug\arucofidmarkers.obj
         x64\Debug\board.obj
         x64\Debug\boarddetector.obj
         x64\Debug\cameraparameters.obj
         x64\Debug\cvdrawingutils.obj
         x64\Debug\marker.obj
         x64\Debug\markerdetector.obj
         x64\Debug\aruco_test.obj
         ar.vcxproj -> E:\source\ARPathPlaner\x64\Debug\ar.exe
       FinalizeBuildStatus:
         Deleting file "x64\Debug\ar.unsuccessfulbuild".
         Touching "x64\Debug\ar.lastbuildstate".
     1>Done Building Project "E:\source\ARPathPlaner\ar\ar.vcxproj" (Build target(s)).

Build succeeded.

Time Elapsed 00:00:03.54
